<?xml version="1.0" encoding="UTF-8"?>
<!-- Generated by org.testng.reporters.JUnitXMLReporter -->
<testsuite hostname="DESKTOP-8I8D29H" ignored="0" name="Test" tests="8" failures="0" timestamp="26 Feb 2021 12:31:08 GMT" time="359.042" errors="0">
  <testcase name="TC001_validateLogin" time="34.232" classname="vts.testcases.TestCases"/>
  <testcase name="TC002_validateHome" time="9.414" classname="vts.testcases.TestCases"/>
  <testcase name="TC003_validateService" time="47.356" classname="vts.testcases.TestCases"/>
  <testcase name="TC004_validateFeedback" time="35.804" classname="vts.testcases.TestCases"/>
  <testcase name="TC005_validateVehicleConfig" time="21.196" classname="vts.testcases.TestCases"/>
  <testcase name="TC006_validateGeofence" time="80.656" classname="vts.testcases.TestCases"/>
  <testcase name="TC007_validateEditProfile" time="31.476" classname="vts.testcases.TestCases"/>
  <testcase name="TC008_validateTripsData" time="51.729" classname="vts.testcases.TestCases"/>
</testsuite> <!-- Test -->
